[16:55:18.918] Global cache location '/home/maba/.cache/typescript/4.0', safe file path '/home/maba/development/explorviz/frontend/node_modules/typescript/lib/typingSafeList.json', types map path /home/maba/development/explorviz/frontend/node_modules/typescript/lib/typesMap.json
[16:55:18.919] Processing cache location '/home/maba/.cache/typescript/4.0'
[16:55:18.919] Trying to find '/home/maba/.cache/typescript/4.0/package.json'...
[16:55:18.921] Loaded content of '/home/maba/.cache/typescript/4.0/package.json': {"private":true,"dependencies":{"types-registry":"^0.1.585"},"devDependencies":{"@types/animation-frame":"^0.1.29","@types/async":"^3.2.12","@types/atob":"^2.1.2","@types/auth0-js":"^9.14.5","@types/auth0-lock":"^11.4.14","@types/body-parser":"^1.19.2","@types/bootstrap":"^5.1.9","@types/bootstrap-colorpicker":"^2.5.4","@types/chart.js":"^2.9.35","@types/crypto-js":"^4.1.0","@types/element-resize-detector":"^1.1.3","@types/ember__application":"^3.16.3","@types/ember__engine":"^3.16.3","@types/ember__test-helpers":"^2.6.0","@types/ember-modal-dialog":"^3.0.8","@types/ember-qunit":"^3.4.15","@types/ember-resolver":"^5.0.10","@types/eslint":"^8.4.1","@types/express":"^4.17.13","@types/hammerjs":"^2.0.41","@types/inflection":"^1.13.0","@types/inherits":"0.0.30","@types/isomorphic-fetch":"0.0.35","@types/jquery":"^3.5.13","@types/jsonp":"^0.2.1","@types/object-hash":"^2.2.1","@types/primer__octicons":"^16.1.0","@types/promise-polyfill":"^6.0.4","@types/qunit":"^2.11.3","@types/rsvp":"^4.0.4","@types/sass":"^1.43.1","@types/stats.js":"^0.17.0","@types/three":"^0.137.0","@types/ua-parser-js":"^0.7.36","@types/underscore.string":"0.0.38"}}
[16:55:18.921] Loaded content of '/home/maba/.cache/typescript/4.0/package-lock.json'
[16:55:18.943] Adding entry into typings cache: 'animation-frame' => '/home/maba/.cache/typescript/4.0/node_modules/@types/animation-frame/index.d.ts'
[16:55:18.953] Adding entry into typings cache: 'async' => '/home/maba/.cache/typescript/4.0/node_modules/@types/async/index.d.ts'
[16:55:18.959] Adding entry into typings cache: 'atob' => '/home/maba/.cache/typescript/4.0/node_modules/@types/atob/index.d.ts'
[16:55:18.967] Adding entry into typings cache: 'auth0-js' => '/home/maba/.cache/typescript/4.0/node_modules/@types/auth0-js/index.d.ts'
[16:55:18.975] Adding entry into typings cache: 'auth0-lock' => '/home/maba/.cache/typescript/4.0/node_modules/@types/auth0-lock/index.d.ts'
[16:55:18.983] Adding entry into typings cache: 'body-parser' => '/home/maba/.cache/typescript/4.0/node_modules/@types/body-parser/index.d.ts'
[16:55:18.987] Adding entry into typings cache: 'bootstrap' => '/home/maba/.cache/typescript/4.0/node_modules/@types/bootstrap/index.d.ts'
[16:55:18.997] Adding entry into typings cache: 'bootstrap-colorpicker' => '/home/maba/.cache/typescript/4.0/node_modules/@types/bootstrap-colorpicker/index.d.ts'
[16:55:19.9] Adding entry into typings cache: 'chart.js' => '/home/maba/.cache/typescript/4.0/node_modules/@types/chart.js/index.d.ts'
[16:55:19.12] Adding entry into typings cache: 'crypto-js' => '/home/maba/.cache/typescript/4.0/node_modules/@types/crypto-js/index.d.ts'
[16:55:19.17] Adding entry into typings cache: 'element-resize-detector' => '/home/maba/.cache/typescript/4.0/node_modules/@types/element-resize-detector/index.d.ts'
[16:55:19.20] Adding entry into typings cache: 'ember__application' => '/home/maba/.cache/typescript/4.0/node_modules/@types/ember__application/index.d.ts'
[16:55:19.29] Adding entry into typings cache: 'ember__engine' => '/home/maba/.cache/typescript/4.0/node_modules/@types/ember__engine/index.d.ts'
[16:55:19.35] Adding entry into typings cache: 'ember__test-helpers' => '/home/maba/.cache/typescript/4.0/node_modules/@types/ember__test-helpers/index.d.ts'
[16:55:19.38] Adding entry into typings cache: 'ember-modal-dialog' => '/home/maba/.cache/typescript/4.0/node_modules/@types/ember-modal-dialog/index.d.ts'
[16:55:19.40] Adding entry into typings cache: 'ember-qunit' => '/home/maba/.cache/typescript/4.0/node_modules/@types/ember-qunit/index.d.ts'
[16:55:19.43] Adding entry into typings cache: 'ember-resolver' => '/home/maba/.cache/typescript/4.0/node_modules/@types/ember-resolver/index.d.ts'
[16:55:19.45] Adding entry into typings cache: 'eslint' => '/home/maba/.cache/typescript/4.0/node_modules/@types/eslint/index.d.ts'
[16:55:19.50] Adding entry into typings cache: 'express' => '/home/maba/.cache/typescript/4.0/node_modules/@types/express/ts4.0/index.d.ts'
[16:55:19.52] Adding entry into typings cache: 'hammerjs' => '/home/maba/.cache/typescript/4.0/node_modules/@types/hammerjs/index.d.ts'
[16:55:19.54] Adding entry into typings cache: 'inflection' => '/home/maba/.cache/typescript/4.0/node_modules/@types/inflection/index.d.ts'
[16:55:19.56] Adding entry into typings cache: 'inherits' => '/home/maba/.cache/typescript/4.0/node_modules/@types/inherits/index.d.ts'
[16:55:19.59] Adding entry into typings cache: 'isomorphic-fetch' => '/home/maba/.cache/typescript/4.0/node_modules/@types/isomorphic-fetch/index.d.ts'
[16:55:19.65] Adding entry into typings cache: 'jquery' => '/home/maba/.cache/typescript/4.0/node_modules/@types/jquery/index.d.ts'
[16:55:19.68] Adding entry into typings cache: 'jsonp' => '/home/maba/.cache/typescript/4.0/node_modules/@types/jsonp/index.d.ts'
[16:55:19.75] Adding entry into typings cache: 'object-hash' => '/home/maba/.cache/typescript/4.0/node_modules/@types/object-hash/index.d.ts'
[16:55:19.76] Adding entry into typings cache: 'primer__octicons' => '/home/maba/.cache/typescript/4.0/node_modules/@types/primer__octicons/index.d.ts'
[16:55:19.82] Adding entry into typings cache: 'promise-polyfill' => '/home/maba/.cache/typescript/4.0/node_modules/@types/promise-polyfill/index.d.ts'
[16:55:19.97] Adding entry into typings cache: 'qunit' => '/home/maba/.cache/typescript/4.0/node_modules/@types/qunit/index.d.ts'
[16:55:19.99] Adding entry into typings cache: 'rsvp' => '/home/maba/.cache/typescript/4.0/node_modules/@types/rsvp/index.d.ts'
[16:55:19.103] Adding entry into typings cache: 'sass' => '/home/maba/.cache/typescript/4.0/node_modules/@types/sass/index.d.ts'
[16:55:19.105] Adding entry into typings cache: 'stats.js' => '/home/maba/.cache/typescript/4.0/node_modules/@types/stats.js/index.d.ts'
[16:55:19.115] Adding entry into typings cache: 'three' => '/home/maba/.cache/typescript/4.0/node_modules/@types/three/index.d.ts'
[16:55:19.118] Adding entry into typings cache: 'ua-parser-js' => '/home/maba/.cache/typescript/4.0/node_modules/@types/ua-parser-js/index.d.ts'
[16:55:19.128] Adding entry into typings cache: 'underscore.string' => '/home/maba/.cache/typescript/4.0/node_modules/@types/underscore.string/index.d.ts'
[16:55:19.128] Finished processing cache location '/home/maba/.cache/typescript/4.0'
[16:55:19.128] Process id: 3507
[16:55:19.128] NPM location: /home/maba/.nvm/versions/node/v12.22.8/bin/npm (explicit '--npmLocation' not  provided)
[16:55:19.128] validateDefaultNpmLocation: false
[16:55:19.128] Npm config file: /home/maba/.cache/typescript/4.0/package.json
[16:55:19.128] Updating types-registry npm package...
[16:55:19.128] Exec: /home/maba/.nvm/versions/node/v12.22.8/bin/npm install --ignore-scripts types-registry@latest
[16:55:20.151]     Succeeded. stdout:
    
    up to date, audited 84 packages in 834ms

1 package is looking for funding
  run `npm fund` for details

found 0 vulnerabilities

[16:55:20.151] Updated types-registry npm package
